File for psipred not found! Generating from scratch instead.
picking fragments with options:
            add_pdbs_to_vall: 
                       chain: A
                     cleanup: 1
             csbuild_profile: 0
exclude_homologs_by_pdb_date: 0
                           f: 2qdfA.fa
                   fastafile: 2qdfA.fasta
                       frags: 1
                        homs: 1
                          id: 2qdf
                n_candidates: 1000
                     n_frags: 200
             old_name_format: 0
                      porter: 0
                  porterfile: 
                     psipred: 1
                 psipredfile: 
                      rundir: /scratch/bonet/Sandbox/fflbenchmarknew/T10/picker
                       runid: 2qdfA
                         sam: 0
                     samfile: 
                 torsion_bin: 0
--------------------------------------------------------------------------------

running psiblast for sequence: 2qdfA.fasta
[blastpgp] WARNING: a standard checkpoint file should have extension ".chk".

psipred psi-blast failed!
File for psipred not found! Generating from scratch instead.
picking fragments with options:
            add_pdbs_to_vall: 
                       chain: A
                     cleanup: 1
             csbuild_profile: 0
exclude_homologs_by_pdb_date: 0
                           f: 2qdfA.fa
                   fastafile: 2qdfA.fasta
                       frags: 1
                        homs: 1
                          id: 2qdf
                n_candidates: 1000
                     n_frags: 200
             old_name_format: 0
                      porter: 0
                  porterfile: 
                     psipred: 1
                 psipredfile: 
                      rundir: /scratch/bonet/Sandbox/fflbenchmarknew/T10/picker
                       runid: 2qdfA
                         sam: 0
                     samfile: 
                 torsion_bin: 0
--------------------------------------------------------------------------------

Fragment files have correct number of positions
