File for psipred not found! Generating from scratch instead.
picking fragments with options:
            add_pdbs_to_vall: 
                       chain: A
                     cleanup: 1
             csbuild_profile: 0
exclude_homologs_by_pdb_date: 0
                           f: 1mw7A.fa
                   fastafile: 1mw7A.fasta
                       frags: 1
                        homs: 1
                          id: 1mw7
                n_candidates: 1000
                     n_frags: 200
             old_name_format: 0
                      porter: 0
                  porterfile: 
                     psipred: 1
                 psipredfile: 
                      rundir: /scratch/bonet/Sandbox/fflbenchmarknew/picker
                       runid: 1mw7A
                         sam: 0
                     samfile: 
                 torsion_bin: 0
--------------------------------------------------------------------------------

running psiblast for sequence: 1mw7A.fasta
[blastpgp] WARNING: a standard checkpoint file should have extension ".chk".

Fragment files have correct number of positions
